<?xml version="1.0" encoding="UTF-8"?>
<testsuite xmlns:xsi="http://www.w3.org/2001/XMLSchema-instance" xsi:noNamespaceSchemaLocation="https://maven.apache.org/surefire/maven-surefire-plugin/xsd/surefire-test-report-3.0.xsd" version="3.0" name="fr.norsys.testapp.MainTest" time="0.224" tests="9" errors="0" skipped="0" failures="0">
  <properties>
    <property name="java.specification.version" value="17"/>
    <property name="sun.jnu.encoding" value="UTF-8"/>
    <property name="java.class.path" value="/home/oussen/Documents/Norsys Formation Doc/java_Formation/Vending Machine/target/test-classes:/home/oussen/Documents/Norsys Formation Doc/java_Formation/Vending Machine/target/classes:/home/oussen/.m2/repository/junit/junit/4.13.2/junit-4.13.2.jar:/home/oussen/.m2/repository/org/hamcrest/hamcrest-core/1.3/hamcrest-core-1.3.jar:/home/oussen/.m2/repository/org/junit/jupiter/junit-jupiter-api/5.10.2/junit-jupiter-api-5.10.2.jar:/home/oussen/.m2/repository/org/opentest4j/opentest4j/1.3.0/opentest4j-1.3.0.jar:/home/oussen/.m2/repository/org/junit/platform/junit-platform-commons/1.10.2/junit-platform-commons-1.10.2.jar:/home/oussen/.m2/repository/org/apiguardian/apiguardian-api/1.1.2/apiguardian-api-1.1.2.jar:"/>
    <property name="java.vm.vendor" value="Oracle Corporation"/>
    <property name="sun.arch.data.model" value="64"/>
    <property name="java.vendor.url" value="https://openjdk.java.net/"/>
    <property name="os.name" value="Linux"/>
    <property name="java.vm.specification.version" value="17"/>
    <property name="sun.java.launcher" value="SUN_STANDARD"/>
    <property name="user.country" value="US"/>
    <property name="sun.boot.library.path" value="/usr/lib/jvm/java-17-openjdk/lib"/>
    <property name="sun.java.command" value="/home/oussen/Documents/Norsys Formation Doc/java_Formation/Vending Machine/target/surefire/surefirebooter-20240223110548722_3.jar /home/oussen/Documents/Norsys Formation Doc/java_Formation/Vending Machine/target/surefire 2024-02-23T11-05-48_571-jvmRun1 surefire-20240223110548722_1tmp surefire_0-20240223110548722_2tmp"/>
    <property name="jdk.debug" value="release"/>
    <property name="surefire.test.class.path" value="/home/oussen/Documents/Norsys Formation Doc/java_Formation/Vending Machine/target/test-classes:/home/oussen/Documents/Norsys Formation Doc/java_Formation/Vending Machine/target/classes:/home/oussen/.m2/repository/junit/junit/4.13.2/junit-4.13.2.jar:/home/oussen/.m2/repository/org/hamcrest/hamcrest-core/1.3/hamcrest-core-1.3.jar:/home/oussen/.m2/repository/org/junit/jupiter/junit-jupiter-api/5.10.2/junit-jupiter-api-5.10.2.jar:/home/oussen/.m2/repository/org/opentest4j/opentest4j/1.3.0/opentest4j-1.3.0.jar:/home/oussen/.m2/repository/org/junit/platform/junit-platform-commons/1.10.2/junit-platform-commons-1.10.2.jar:/home/oussen/.m2/repository/org/apiguardian/apiguardian-api/1.1.2/apiguardian-api-1.1.2.jar:"/>
    <property name="sun.cpu.endian" value="little"/>
    <property name="user.home" value="/home/oussen"/>
    <property name="user.language" value="en"/>
    <property name="java.specification.vendor" value="Oracle Corporation"/>
    <property name="java.version.date" value="2023-10-17"/>
    <property name="java.home" value="/usr/lib/jvm/java-17-openjdk"/>
    <property name="file.separator" value="/"/>
    <property name="basedir" value="/home/oussen/Documents/Norsys Formation Doc/java_Formation/Vending Machine"/>
    <property name="java.vm.compressedOopsMode" value="Zero based"/>
    <property name="line.separator" value="&#10;"/>
    <property name="java.vm.specification.vendor" value="Oracle Corporation"/>
    <property name="java.specification.name" value="Java Platform API Specification"/>
    <property name="surefire.real.class.path" value="/home/oussen/Documents/Norsys Formation Doc/java_Formation/Vending Machine/target/surefire/surefirebooter-20240223110548722_3.jar"/>
    <property name="sun.management.compiler" value="HotSpot 64-Bit Tiered Compilers"/>
    <property name="java.runtime.version" value="17.0.9+8"/>
    <property name="user.name" value="oussen"/>
    <property name="path.separator" value=":"/>
    <property name="os.version" value="6.5.8-arch1-1"/>
    <property name="java.runtime.name" value="OpenJDK Runtime Environment"/>
    <property name="file.encoding" value="UTF-8"/>
    <property name="java.vm.name" value="OpenJDK 64-Bit Server VM"/>
    <property name="localRepository" value="/home/oussen/.m2/repository"/>
    <property name="java.vendor.url.bug" value="https://bugreport.java.com/bugreport/"/>
    <property name="java.io.tmpdir" value="/tmp"/>
    <property name="java.version" value="17.0.9"/>
    <property name="user.dir" value="/home/oussen/Documents/Norsys Formation Doc/java_Formation/Vending Machine"/>
    <property name="os.arch" value="amd64"/>
    <property name="java.vm.specification.name" value="Java Virtual Machine Specification"/>
    <property name="native.encoding" value="UTF-8"/>
    <property name="java.library.path" value="/usr/java/packages/lib:/usr/lib64:/lib64:/lib:/usr/lib"/>
    <property name="java.vm.info" value="mixed mode"/>
    <property name="java.vendor" value="N/A"/>
    <property name="java.vm.version" value="17.0.9+8"/>
    <property name="sun.io.unicode.encoding" value="UnicodeLittle"/>
    <property name="java.class.version" value="61.0"/>
  </properties>
  <testcase name="testCalculateChange" classname="fr.norsys.testapp.MainTest" time="0.084"/>
  <testcase name="testIfMachineHasEnoughCoins" classname="fr.norsys.testapp.MainTest" time="0.017">
    <system-out><![CDATA[BUENO | price :12
 sum Coins giving :15
COIN_2 / 1
COIN_1 / 1
]]></system-out>
  </testcase>
  <testcase name="testCancelOpertation" classname="fr.norsys.testapp.MainTest" time="0.002"/>
  <testcase name="testIfCoinsEnough" classname="fr.norsys.testapp.MainTest" time="0.004">
    <system-out><![CDATA[WATER | price :5
 sum Coins giving :11
COIN_1 / 1
COIN_5 / 1
]]></system-out>
  </testcase>
  <testcase name="Testing_total_coins_value" classname="fr.norsys.testapp.MainTest" time="0.002"/>
  <testcase name="testOptimalChange" classname="fr.norsys.testapp.MainTest" time="0.002"/>
  <testcase name="testDecrementProductQuantity" classname="fr.norsys.testapp.MainTest" time="0.003">
    <system-out><![CDATA[WATER | price :5
 sum Coins giving :6
COIN_1 / 1
]]></system-out>
  </testcase>
  <testcase name="testIfMachineHasChange" classname="fr.norsys.testapp.MainTest" time="0.003">
    <system-out><![CDATA[BUENO | price :12
 sum Coins giving :20
]]></system-out>
  </testcase>
  <testcase name="ProductExisting" classname="fr.norsys.testapp.MainTest" time="0.001"/>
</testsuite>